soundstretch located at:
/home/yandex/APDL2425a/group_15/demucs/soundtouch/build/soundstretch
-rwxr-xr-x 1 amitstein cs_reinf_learning_15 167888 Mar 22 23:35 /home/yandex/APDL2425a/group_15/demucs/soundtouch/build/soundstretch
Updated CUDA_VISIBLE_DEVICES: 1
Sat Apr 12 14:57:35 2025       
+-----------------------------------------------------------------------------------------+
| NVIDIA-SMI 550.120                Driver Version: 550.120        CUDA Version: 12.4     |
|-----------------------------------------+------------------------+----------------------+
| GPU  Name                 Persistence-M | Bus-Id          Disp.A | Volatile Uncorr. ECC |
| Fan  Temp   Perf          Pwr:Usage/Cap |           Memory-Usage | GPU-Util  Compute M. |
|                                         |                        |               MIG M. |
|=========================================+========================+======================|
|   0  NVIDIA TITAN Xp                Off |   00000000:3D:00.0 Off |                  N/A |
| 46%   72C    P2            179W /  250W |    8609MiB /  12288MiB |     96%      Default |
|                                         |                        |                  N/A |
+-----------------------------------------+------------------------+----------------------+
|   1  NVIDIA TITAN Xp                Off |   00000000:3E:00.0 Off |                  N/A |
| 23%   23C    P8              8W /  250W |       2MiB /  12288MiB |      0%      Default |
|                                         |                        |                  N/A |
+-----------------------------------------+------------------------+----------------------+
|   2  NVIDIA TITAN Xp                Off |   00000000:60:00.0 Off |                  N/A |
| 23%   20C    P8              8W /  250W |       2MiB /  12288MiB |      0%      Default |
|                                         |                        |                  N/A |
+-----------------------------------------+------------------------+----------------------+
|   3  NVIDIA TITAN Xp                Off |   00000000:61:00.0 Off |                  N/A |
| 23%   24C    P8             11W /  250W |       2MiB /  12288MiB |      0%      Default |
|                                         |                        |                  N/A |
+-----------------------------------------+------------------------+----------------------+
|   4  NVIDIA TITAN Xp                Off |   00000000:B1:00.0 Off |                  N/A |
| 23%   18C    P8              8W /  250W |       2MiB /  12288MiB |      0%      Default |
|                                         |                        |                  N/A |
+-----------------------------------------+------------------------+----------------------+
|   5  NVIDIA TITAN Xp                Off |   00000000:B2:00.0 Off |                  N/A |
| 23%   17C    P8              8W /  250W |       2MiB /  12288MiB |      0%      Default |
|                                         |                        |                  N/A |
+-----------------------------------------+------------------------+----------------------+
|   6  NVIDIA TITAN Xp                Off |   00000000:DA:00.0 Off |                  N/A |
| 23%   18C    P8              8W /  250W |       2MiB /  12288MiB |      0%      Default |
|                                         |                        |                  N/A |
+-----------------------------------------+------------------------+----------------------+
|   7  NVIDIA TITAN Xp                Off |   00000000:DB:00.0 Off |                  N/A |
| 23%   22C    P8              8W /  250W |       2MiB /  12288MiB |      0%      Default |
|                                         |                        |                  N/A |
+-----------------------------------------+------------------------+----------------------+
                                                                                         
+-----------------------------------------------------------------------------------------+
| Processes:                                                                              |
|  GPU   GI   CI        PID   Type   Process name                              GPU Memory |
|        ID   ID                                                               Usage      |
|=========================================================================================|
|    0   N/A  N/A    684433      C   python                                       8604MiB |
+-----------------------------------------------------------------------------------------+
GPUs available: 1
Separated tracks will be stored in /home/yandex/APDL2425a/group_15/demucs/separated/759c9a58
Separating track more_tests/test_2.mp3
